<?xml version="1.0" encoding="UTF-8"?>
<!-- Generated by org.testng.reporters.JUnitReportReporter -->
<testsuite hostname="DESKTOP-AB6BR8M" failures="0" tests="1" name="com.ShoppersStack_TestScripts.TC_001_Verify_user_is_able_to_add_address_or_not" time="19.178" errors="0" timestamp="2025-02-27T13:08:27 IST" skipped="0">
  <testcase classname="com.ShoppersStack_TestScripts.TC_001_Verify_user_is_able_to_add_address_or_not" name="addAddress" time="19.178"/>
</testsuite> <!-- com.ShoppersStack_TestScripts.TC_001_Verify_user_is_able_to_add_address_or_not -->
